<?xml version="1.0" encoding="UTF-8"?>
<testsuite xmlns:xsi="http://www.w3.org/2001/XMLSchema-instance" xsi:noNamespaceSchemaLocation="https://maven.apache.org/surefire/maven-surefire-plugin/xsd/surefire-test-report.xsd" version="3.0.2" name="StepDefinations.TestRunner" time="56.2" tests="4" errors="0" skipped="0" failures="0">
  <properties>
[...]
</properties>
  <testcase name="runScenario[&quot;Login with valid and invalid credentials&quot;, &quot;Login Functionality&quot;](1)" classname="StepDefinations.TestRunner" time="17.502">
    <system-out><![CDATA[
@Regression
Scenario Outline: Login with valid and invalid credentials # src/test/resources/Features/login-functionality.feature:12
https://opensource-demo.orangehrmlive.com/web/index.php/auth/login
***User is on Login Page***
  Given User is on the login page                          # StepDefinations.LoginSteps.user_is_on_the_login_page()
***User enters username & password***
  When User enters "Admin" and "admin123"                  # StepDefinations.LoginSteps.user_enters_username_and_password(java.lang.String,java.lang.String)
***User clicks on Login button***
  And User clicks on login button                          # StepDefinations.LoginSteps.user_clicks_on_login_button()
***User should be redirected to the Home Page***
  Then User should see "Dashboard"                         # StepDefinations.LoginSteps.user_should_see(java.lang.String)
]]></system-out>
    <system-err><![CDATA[SLF4J: Failed to load class "org.slf4j.impl.StaticLoggerBinder".
SLF4J: Defaulting to no-operation (NOP) logger implementation
SLF4J: See http://www.slf4j.org/codes.html#StaticLoggerBinder for further details.
Aug 20, 2024 7:11:27 PM org.openqa.selenium.devtools.CdpVersionFinder findNearestMatch
WARNING: Unable to find CDP implementation matching 127
Aug 20, 2024 7:11:27 PM org.openqa.selenium.chromium.ChromiumDriver lambda$new$5
WARNING: Unable to find version of CDP to use for 127.0.6533.120. You may need to include a dependency on a specific version of the CDP using something similar to `org.seleniumhq.selenium:selenium-devtools-v86:4.13.0` where the version ("v86") matches the version of the chromium-based browser you're using and the version number of the artifact is the same as Selenium's.
]]></system-err>
  </testcase>
  <testcase name="runScenario[&quot;Login with valid and invalid credentials&quot;, &quot;Login Functionality&quot;](2)" classname="StepDefinations.TestRunner" time="14.3">
    <system-out><![CDATA[
@Regression
Scenario Outline: Login with valid and invalid credentials # src/test/resources/Features/login-functionality.feature:13
https://opensource-demo.orangehrmlive.com/web/index.php/auth/login
***User is on Login Page***
  Given User is on the login page                          # StepDefinations.LoginSteps.user_is_on_the_login_page()
***User enters username & password***
  When User enters "Administartion" and "admin123"         # StepDefinations.LoginSteps.user_enters_username_and_password(java.lang.String,java.lang.String)
***User clicks on Login button***
  And User clicks on login button                          # StepDefinations.LoginSteps.user_clicks_on_login_button()
***Invalid credentials***
  Then User should see "Invalid credentials"               # StepDefinations.LoginSteps.user_should_see(java.lang.String)
]]></system-out>
    <system-err><![CDATA[Aug 20, 2024 7:11:43 PM org.openqa.selenium.devtools.CdpVersionFinder findNearestMatch
WARNING: Unable to find CDP implementation matching 127
Aug 20, 2024 7:11:43 PM org.openqa.selenium.chromium.ChromiumDriver lambda$new$5
WARNING: Unable to find version of CDP to use for 127.0.6533.120. You may need to include a dependency on a specific version of the CDP using something similar to `org.seleniumhq.selenium:selenium-devtools-v86:4.13.0` where the version ("v86") matches the version of the chromium-based browser you're using and the version number of the artifact is the same as Selenium's.
]]></system-err>
  </testcase>
  <testcase name="runScenario[&quot;Login with valid and invalid credentials&quot;, &quot;Login Functionality&quot;](3)" classname="StepDefinations.TestRunner" time="14.566">
    <system-out><![CDATA[
@Regression
Scenario Outline: Login with valid and invalid credentials # src/test/resources/Features/login-functionality.feature:14
https://opensource-demo.orangehrmlive.com/web/index.php/auth/login
***User is on Login Page***
  Given User is on the login page                          # StepDefinations.LoginSteps.user_is_on_the_login_page()
***User enters username & password***
  When User enters "Admin" and "admin2340909"              # StepDefinations.LoginSteps.user_enters_username_and_password(java.lang.String,java.lang.String)
***User clicks on Login button***
  And User clicks on login button                          # StepDefinations.LoginSteps.user_clicks_on_login_button()
***Invalid credentials***
  Then User should see "Invalid credentials"               # StepDefinations.LoginSteps.user_should_see(java.lang.String)
]]></system-out>
    <system-err><![CDATA[Aug 20, 2024 7:11:57 PM org.openqa.selenium.devtools.CdpVersionFinder findNearestMatch
WARNING: Unable to find CDP implementation matching 127
Aug 20, 2024 7:11:57 PM org.openqa.selenium.chromium.ChromiumDriver lambda$new$5
WARNING: Unable to find version of CDP to use for 127.0.6533.120. You may need to include a dependency on a specific version of the CDP using something similar to `org.seleniumhq.selenium:selenium-devtools-v86:4.13.0` where the version ("v86") matches the version of the chromium-based browser you're using and the version number of the artifact is the same as Selenium's.
]]></system-err>
  </testcase>
  <testcase name="runScenario[&quot;Login with valid and invalid credentials&quot;, &quot;Login Functionality&quot;](4)" classname="StepDefinations.TestRunner" time="8.699">
    <system-out><![CDATA[
@Regression
Scenario Outline: Login with valid and invalid credentials # src/test/resources/Features/login-functionality.feature:15
https://opensource-demo.orangehrmlive.com/web/index.php/auth/login
***User is on Login Page***
  Given User is on the login page                          # StepDefinations.LoginSteps.user_is_on_the_login_page()
***User enters username & password***
  When User enters "" and "admin123"                       # StepDefinations.LoginSteps.user_enters_username_and_password(java.lang.String,java.lang.String)
***User clicks on Login button***
  And User clicks on login button                          # StepDefinations.LoginSteps.user_clicks_on_login_button()
***Required Credentials***
  Then User should see "Required"                          # StepDefinations.LoginSteps.user_should_see(java.lang.String)
]]></system-out>
    <system-err><![CDATA[Aug 20, 2024 7:12:12 PM org.openqa.selenium.devtools.CdpVersionFinder findNearestMatch
WARNING: Unable to find CDP implementation matching 127
Aug 20, 2024 7:12:12 PM org.openqa.selenium.chromium.ChromiumDriver lambda$new$5
WARNING: Unable to find version of CDP to use for 127.0.6533.120. You may need to include a dependency on a specific version of the CDP using something similar to `org.seleniumhq.selenium:selenium-devtools-v86:4.13.0` where the version ("v86") matches the version of the chromium-based browser you're using and the version number of the artifact is the same as Selenium's.
]]></system-err>
  </testcase>
</testsuite>